<?xml version="1.0" encoding="UTF-8"?>
<Site BuildName="(empty)"
	BuildStamp="20240722-1540-Experimental"
	Name="(empty)"
	Generator="ctest-3.16.3"
	CompilerName=""
	CompilerVersion=""
	OSName="Linux"
	Hostname="obi"
	OSRelease="5.15.0-116-generic"
	OSVersion="#126~20.04.1-Ubuntu SMP Mon Jul 1 15:40:07 UTC 2024"
	OSPlatform="x86_64"
	Is64Bits="1"
	VendorString="GenuineIntel"
	VendorID="Intel Corporation"
	FamilyID="6"
	ModelID="158"
	ProcessorCacheSize="8192"
	NumberOfLogicalCPU="8"
	NumberOfPhysicalCPU="4"
	TotalVirtualMemory="881"
	TotalPhysicalMemory="15868"
	LogicalProcessorsPerPhysical="2"
	ProcessorClockFrequency="3366.3"
	>
	<Testing>
		<StartDateTime>Jul 22 18:40 MSK</StartDateTime>
		<StartTestTime>1721662857</StartTestTime>
		<TestList/>
		<EndDateTime>Jul 22 18:40 MSK</EndDateTime>
		<EndTestTime>1721662857</EndTestTime>
		<ElapsedMinutes>0</ElapsedMinutes>
	</Testing>
</Site>
